::1 - - [05/Feb/2026:14:07:46 +0000] "POST /api/auth/login HTTP/1.1" 401 53 "http://localhost:5173/login" "Mozilla/5.0 (Windows NT 10.0; Win64; x64) AppleWebKit/537.36 (KHTML, like Gecko) Chrome/144.0.0.0 Safari/537.36"

[2026-03-02T19:11:08.746Z]
MESSAGE: Not authorized, token failed
STACK: Error: Not authorized, token failed
    at /Users/jayanth/vivek/vs code/vivek/project/Gymrats-React/Backend/src/middleware/authMiddleware.js:59:13
    at asyncUtilWrap (/Users/jayanth/vivek/vs code/vivek/project/Gymrats-React/Backend/src/node_modules/express-async-handler/index.js:3:20)
    at Layer.handle [as handle_request] (/Users/jayanth/vivek/vs code/vivek/project/Gymrats-React/Backend/src/node_modules/express/lib/router/layer.js:95:5)
    at trim_prefix (/Users/jayanth/vivek/vs code/vivek/project/Gymrats-React/Backend/src/node_modules/express/lib/router/index.js:328:13)
    at /Users/jayanth/vivek/vs code/vivek/project/Gymrats-React/Backend/src/node_modules/express/lib/router/index.js:286:9
    at router.process_params (/Users/jayanth/vivek/vs code/vivek/project/Gymrats-React/Backend/src/node_modules/express/lib/router/index.js:346:12)
    at next (/Users/jayanth/vivek/vs code/vivek/project/Gymrats-React/Backend/src/node_modules/express/lib/router/index.js:280:10)
    at router.handle (/Users/jayanth/vivek/vs code/vivek/project/Gymrats-React/Backend/src/node_modules/express/lib/router/index.js:175:3)
    at router (/Users/jayanth/vivek/vs code/vivek/project/Gymrats-React/Backend/src/node_modules/express/lib/router/index.js:47:12)
    at Layer.handle [as handle_request] (/Users/jayanth/vivek/vs code/vivek/project/Gymrats-React/Backend/src/node_modules/express/lib/router/layer.js:95:5)
-------------------------------------
::1 - - [02/Mar/2026:19:17:33 +0000] "GET /api/admin/analytics/trainer/69a58b59eb5d7e3b8032b22f/user-revenue HTTP/1.1" 500 134 "-" "PostmanRuntime/7.51.1"
::1 - - [02/Mar/2026:19:18:12 +0000] "GET /api/admin/analytics/trainer/69a58b59eb5d7e3b8032b22f/user-revenue HTTP/1.1" 500 134 "-" "PostmanRuntime/7.51.1"
::1 - - [02/Mar/2026:19:20:27 +0000] "GET /api/admin/analytics/trainer/69a58b59eb5d7e3b8032b22f/monthly-trend HTTP/1.1" 500 135 "-" "PostmanRuntime/7.51.1"
::1 - - [02/Mar/2026:19:21:44 +0000] "GET /api/admin/analytics/trainer/69a58b59eb5d7e3b8032b22f/user-revenue HTTP/1.1" 500 134 "-" "PostmanRuntime/7.51.1"
::1 - - [02/Mar/2026:19:21:49 +0000] "GET /api/admin/analytics/trainer/69a58b59eb5d7e3b8032b22f/user-revenue HTTP/1.1" 500 134 "-" "PostmanRuntime/7.51.1"
::1 - - [02/Mar/2026:19:23:03 +0000] "GET /api/admin/analytics/trainer/69a58b59eb5d7e3b8032b22f/user-revenue HTTP/1.1" 500 134 "-" "PostmanRuntime/7.51.1"
::1 - - [02/Mar/2026:19:25:12 +0000] "GET /api/admin/analytics/trainer/69a58b59eb5d7e3b8032b22f/user-revenue HTTP/1.1" 500 134 "-" "PostmanRuntime/7.51.1"
::1 - - [02/Mar/2026:19:25:50 +0000] "GET /api/admin/analytics/trainer/69a58b59eb5d7e3b8032b22f/monthly-trend HTTP/1.1" 500 135 "-" "PostmanRuntime/7.51.1"
::1 - - [02/Mar/2026:19:26:44 +0000] "GET /api/admin/analytics/trainer/invalid-id/user-revenue HTTP/1.1" 400 55 "-" "PostmanRuntime/7.51.1"
::1 - - [02/Mar/2026:19:27:14 +0000] "GET /api/admin/analytics/trainer/69a58b59eb5d7e3b8032b12f/user-revenue HTTP/1.1" 404 47 "-" "PostmanRuntime/7.51.1"
::1 - - [02/Mar/2026:19:27:50 +0000] "GET /api/admin/analytics/trainer/invalid-id/user-revenue HTTP/1.1" 400 55 "-" "PostmanRuntime/7.51.1"
::1 - - [02/Mar/2026:19:32:17 +0000] "GET /api/admin/memberships HTTP/1.1" 500 165 "http://localhost:5173/admin/memberships" "Mozilla/5.0 (Macintosh; Intel Mac OS X 10_15_7) AppleWebKit/605.1.15 (KHTML, like Gecko) Version/26.3 Safari/605.1.15"
::1 - - [02/Mar/2026:19:32:17 +0000] "GET /api/admin/memberships HTTP/1.1" 500 165 "http://localhost:5173/admin/memberships" "Mozilla/5.0 (Macintosh; Intel Mac OS X 10_15_7) AppleWebKit/605.1.15 (KHTML, like Gecko) Version/26.3 Safari/605.1.15"
::1 - - [02/Mar/2026:19:32:32 +0000] "GET /api/admin/analytics/trainer/69a58b59eb5d7e3b8032b22f/user-revenue HTTP/1.1" 500 131 "-" "PostmanRuntime/7.51.1"
::1 - - [02/Mar/2026:19:33:21 +0000] "GET /api/admin/analytics/trainer/69a58b59eb5d7e3b8032b22f/user-revenue HTTP/1.1" 500 131 "-" "PostmanRuntime/7.51.1"
::1 - - [02/Mar/2026:19:39:32 +0000] "GET /api/admin/analytics/trainer/69a58b59eb5d7e3b8032b12f/user-revenue HTTP/1.1" 404 47 "-" "PostmanRuntime/7.51.1"
::1 - - [02/Mar/2026:19:39:51 +0000] "GET /api/admin/analytics/trainer/69a58b59eb5d7e3b8032b12f/user-revenue HTTP/1.1" 404 47 "-" "PostmanRuntime/7.51.1"
::1 - - [02/Mar/2026:20:15:25 +0000] "GET /api/admin/analytics/users/active HTTP/1.1" 404 34 "-" "PostmanRuntime/7.51.1"
::1 - - [02/Mar/2026:20:16:42 +0000] "GET /api/admin/analytics/users/expired%20%20 HTTP/1.1" 404 34 "-" "PostmanRuntime/7.51.1"
::1 - - [04/Mar/2026:18:05:59 +0000] "GET /api/admin/users/69a58b2ceb5d7e3b8032b22c/details HTTP/1.1" 404 44 "http://localhost:5173/admin/user/69a58b2ceb5d7e3b8032b22c" "Mozilla/5.0 (Windows NT 10.0; Win64; x64) AppleWebKit/537.36 (KHTML, like Gecko) Chrome/145.0.0.0 Safari/537.36"
::1 - - [04/Mar/2026:18:05:59 +0000] "GET /api/admin/analytics/revenue-per-user/69a58b2ceb5d7e3b8032b22c HTTP/1.1" 404 44 "http://localhost:5173/admin/user/69a58b2ceb5d7e3b8032b22c" "Mozilla/5.0 (Windows NT 10.0; Win64; x64) AppleWebKit/537.36 (KHTML, like Gecko) Chrome/145.0.0.0 Safari/537.36"
::1 - - [04/Mar/2026:18:05:59 +0000] "GET /api/admin/users/69a58b2ceb5d7e3b8032b22c/details HTTP/1.1" 404 44 "http://localhost:5173/admin/user/69a58b2ceb5d7e3b8032b22c" "Mozilla/5.0 (Windows NT 10.0; Win64; x64) AppleWebKit/537.36 (KHTML, like Gecko) Chrome/145.0.0.0 Safari/537.36"
::1 - - [04/Mar/2026:18:05:59 +0000] "GET /api/admin/analytics/revenue-per-user/69a58b2ceb5d7e3b8032b22c HTTP/1.1" 404 44 "http://localhost:5173/admin/user/69a58b2ceb5d7e3b8032b22c" "Mozilla/5.0 (Windows NT 10.0; Win64; x64) AppleWebKit/537.36 (KHTML, like Gecko) Chrome/145.0.0.0 Safari/537.36"
::1 - - [04/Mar/2026:18:08:42 +0000] "GET /api/admin/memberships HTTP/1.1" 500 165 "http://localhost:5173/admin/memberships" "Mozilla/5.0 (Windows NT 10.0; Win64; x64) AppleWebKit/537.36 (KHTML, like Gecko) Chrome/145.0.0.0 Safari/537.36"
::1 - - [04/Mar/2026:18:08:42 +0000] "GET /api/admin/memberships HTTP/1.1" 500 165 "http://localhost:5173/admin/memberships" "Mozilla/5.0 (Windows NT 10.0; Win64; x64) AppleWebKit/537.36 (KHTML, like Gecko) Chrome/145.0.0.0 Safari/537.36"
